Command line invocation:
    /Applications/Xcode.app/Contents/Developer/usr/bin/xcodebuild -workspace tunnet.xcodeproj/project.xcworkspace -scheme tunnet-extension -configuration debug -sdk iphoneos build

Build settings from command line:
    SDKROOT = iphoneos26.2

--- xcodebuild: WARNING: Using the first of multiple matching destinations:
{ platform:iOS, id:dvtdevice-DVTiPhonePlaceholder-iphoneos:placeholder, name:Any iOS Device }
{ platform:macOS, arch:arm64, variant:Designed for [iPad,iPhone], id:00008132-000131542E03001C, name:My Mac }
{ platform:iOS Simulator, id:dvtdevice-DVTiOSDeviceSimulatorPlaceholder-iphonesimulator:placeholder, name:Any iOS Simulator Device }
{ platform:iOS, arch:arm64, id:00008103-001E05C214FB001E, name:Raymond’s iPad Pro 12.9 }
{ platform:iOS, arch:arm64, id:00008140-001461E92463C01C, name:Raymond’s iPhone }
ComputePackagePrebuildTargetDependencyGraph

Prepare packages

CreateBuildRequest

SendProjectDescription

CreateBuildOperation

ComputeTargetDependencyGraph
note: Building targets in dependency order
note: Target dependency graph (2 targets)
    Target 'tunnet_iOS' in project 'tunnet'
        ➜ Explicit dependency on target 'tunnet-extension' in project 'tunnet'
    Target 'tunnet-extension' in project 'tunnet' (no dependencies)

GatherProvisioningInputs

CreateBuildDescription

ExecuteExternalTool /Applications/Xcode.app/Contents/Developer/Toolchains/XcodeDefault.xctoolchain/usr/bin/clang -v -E -dM -isysroot /Applications/Xcode.app/Contents/Developer/Platforms/iPhoneOS.platform/Developer/SDKs/iPhoneOS26.2.sdk -x c -c /dev/null

ExecuteExternalTool /Applications/Xcode.app/Contents/Developer/Toolchains/XcodeDefault.xctoolchain/usr/bin/swiftc --version

ExecuteExternalTool /Applications/Xcode.app/Contents/Developer/usr/bin/ibtool --version --output-format xml1

ExecuteExternalTool /Applications/Xcode.app/Contents/Developer/Toolchains/XcodeDefault.xctoolchain/usr/bin/clang -v -E -dM -arch arm64 -isysroot /Applications/Xcode.app/Contents/Developer/Platforms/iPhoneOS.platform/Developer/SDKs/iPhoneOS26.2.sdk -x objective-c++ -c /dev/null

ExecuteExternalTool /Applications/Xcode.app/Contents/Developer/Toolchains/XcodeDefault.xctoolchain/usr/bin/clang -v -E -dM -arch arm64 -isysroot /Applications/Xcode.app/Contents/Developer/Platforms/iPhoneOS.platform/Developer/SDKs/iPhoneOS26.2.sdk -x c -c /dev/null

ExecuteExternalTool /Applications/Xcode.app/Contents/Developer/Toolchains/XcodeDefault.xctoolchain/usr/bin/ld -version_details

ExecuteExternalTool /Applications/Xcode.app/Contents/Developer/usr/bin/actool --print-asset-tag-combinations --output-format xml1 /Users/shafreeck/Codes/Tunnet/src-tauri/gen/apple/Assets.xcassets

ExecuteExternalTool /Applications/Xcode.app/Contents/Developer/usr/bin/actool --version --output-format xml1

Build description signature: 90ca2b1d52a31607213e69d2723394f3
Build description path: /Users/shafreeck/Library/Developer/Xcode/DerivedData/tunnet-dyzlmzgosoepsvdcaiadkduqluia/Build/Intermediates.noindex/XCBuildData/90ca2b1d52a31607213e69d2723394f3.xcbuilddata
ClangStatCache /Applications/Xcode.app/Contents/Developer/Toolchains/XcodeDefault.xctoolchain/usr/bin/clang-stat-cache /Applications/Xcode.app/Contents/Developer/Platforms/iPhoneOS.platform/Developer/SDKs/iPhoneOS26.2.sdk /Users/shafreeck/Library/Developer/Xcode/DerivedData/SDKStatCaches.noindex/iphoneos26.2-23C53-3794476bd08197c3e2abd9bb477ef7f7.sdkstatcache
    cd /Users/shafreeck/Codes/Tunnet/src-tauri/gen/apple/tunnet.xcodeproj
    /Applications/Xcode.app/Contents/Developer/Toolchains/XcodeDefault.xctoolchain/usr/bin/clang-stat-cache /Applications/Xcode.app/Contents/Developer/Platforms/iPhoneOS.platform/Developer/SDKs/iPhoneOS26.2.sdk -o /Users/shafreeck/Library/Developer/Xcode/DerivedData/SDKStatCaches.noindex/iphoneos26.2-23C53-3794476bd08197c3e2abd9bb477ef7f7.sdkstatcache

ProcessProductPackaging /Users/shafreeck/Codes/Tunnet/src-tauri/gen/apple/Sources/tunnet-extension/tunnet-extension.entitlements /Users/shafreeck/Library/Developer/Xcode/DerivedData/tunnet-dyzlmzgosoepsvdcaiadkduqluia/Build/Intermediates.noindex/tunnet.build/debug-iphoneos/tunnet-extension.build/tunnet-extension.appex.xcent (in target 'tunnet-extension' from project 'tunnet')
    cd /Users/shafreeck/Codes/Tunnet/src-tauri/gen/apple
    
    Entitlements:
    
    {
    "application-identifier" = "JSG9S9M456.com.shafreeck.tunnet.extension";
    "com.apple.developer.team-identifier" = JSG9S9M456;
    "get-task-allow" = 1;
}
    
    builtin-productPackagingUtility /Users/shafreeck/Codes/Tunnet/src-tauri/gen/apple/Sources/tunnet-extension/tunnet-extension.entitlements -entitlements -format xml -o /Users/shafreeck/Library/Developer/Xcode/DerivedData/tunnet-dyzlmzgosoepsvdcaiadkduqluia/Build/Intermediates.noindex/tunnet.build/debug-iphoneos/tunnet-extension.build/tunnet-extension.appex.xcent

ProcessProductPackagingDER /Users/shafreeck/Library/Developer/Xcode/DerivedData/tunnet-dyzlmzgosoepsvdcaiadkduqluia/Build/Intermediates.noindex/tunnet.build/debug-iphoneos/tunnet-extension.build/tunnet-extension.appex.xcent /Users/shafreeck/Library/Developer/Xcode/DerivedData/tunnet-dyzlmzgosoepsvdcaiadkduqluia/Build/Intermediates.noindex/tunnet.build/debug-iphoneos/tunnet-extension.build/tunnet-extension.appex.xcent.der (in target 'tunnet-extension' from project 'tunnet')
    cd /Users/shafreeck/Codes/Tunnet/src-tauri/gen/apple
    /usr/bin/derq query -f xml -i /Users/shafreeck/Library/Developer/Xcode/DerivedData/tunnet-dyzlmzgosoepsvdcaiadkduqluia/Build/Intermediates.noindex/tunnet.build/debug-iphoneos/tunnet-extension.build/tunnet-extension.appex.xcent -o /Users/shafreeck/Library/Developer/Xcode/DerivedData/tunnet-dyzlmzgosoepsvdcaiadkduqluia/Build/Intermediates.noindex/tunnet.build/debug-iphoneos/tunnet-extension.build/tunnet-extension.appex.xcent.der --raw

SwiftDriver tunnet-extension normal arm64 com.apple.xcode.tools.swift.compiler (in target 'tunnet-extension' from project 'tunnet')
    cd /Users/shafreeck/Codes/Tunnet/src-tauri/gen/apple
    builtin-SwiftDriver -- /Applications/Xcode.app/Contents/Developer/Toolchains/XcodeDefault.xctoolchain/usr/bin/swiftc -module-name tunnet_extension -Onone -enforce-exclusivity\=checked @/Users/shafreeck/Library/Developer/Xcode/DerivedData/tunnet-dyzlmzgosoepsvdcaiadkduqluia/Build/Intermediates.noindex/tunnet.build/debug-iphoneos/tunnet-extension.build/Objects-normal/arm64/tunnet-extension.SwiftFileList -DDEBUG -enable-bare-slash-regex -enable-experimental-feature DebugDescriptionMacro -sdk /Applications/Xcode.app/Contents/Developer/Platforms/iPhoneOS.platform/Developer/SDKs/iPhoneOS26.2.sdk -target arm64-apple-ios14.0 -g -module-cache-path /Users/shafreeck/Library/Developer/Xcode/DerivedData/ModuleCache.noindex -Xfrontend -serialize-debugging-options -application-extension -enable-testing -index-store-path /Users/shafreeck/Library/Developer/Xcode/DerivedData/tunnet-dyzlmzgosoepsvdcaiadkduqluia/Index.noindex/DataStore -Xcc -D_LIBCPP_HARDENING_MODE\=_LIBCPP_HARDENING_MODE_DEBUG -swift-version 5 -I /Users/shafreeck/Library/Developer/Xcode/DerivedData/tunnet-dyzlmzgosoepsvdcaiadkduqluia/Build/Products/debug-iphoneos -I ../../../core_library/libbox-c-shared -F /Users/shafreeck/Library/Developer/Xcode/DerivedData/tunnet-dyzlmzgosoepsvdcaiadkduqluia/Build/Products/debug-iphoneos -parse-as-library -c -j10 -enable-batch-mode -incremental -Xcc -ivfsstatcache -Xcc /Users/shafreeck/Library/Developer/Xcode/DerivedData/SDKStatCaches.noindex/iphoneos26.2-23C53-3794476bd08197c3e2abd9bb477ef7f7.sdkstatcache -output-file-map /Users/shafreeck/Library/Developer/Xcode/DerivedData/tunnet-dyzlmzgosoepsvdcaiadkduqluia/Build/Intermediates.noindex/tunnet.build/debug-iphoneos/tunnet-extension.build/Objects-normal/arm64/tunnet-extension-OutputFileMap.json -use-frontend-parseable-output -save-temps -no-color-diagnostics -explicit-module-build -module-cache-path /Users/shafreeck/Library/Developer/Xcode/DerivedData/tunnet-dyzlmzgosoepsvdcaiadkduqluia/Build/Intermediates.noindex/SwiftExplicitPrecompiledModules -clang-scanner-module-cache-path /Users/shafreeck/Library/Developer/Xcode/DerivedData/ModuleCache.noindex -sdk-module-cache-path /Users/shafreeck/Library/Developer/Xcode/DerivedData/ModuleCache.noindex -serialize-diagnostics -emit-dependencies -emit-module -emit-module-path /Users/shafreeck/Library/Developer/Xcode/DerivedData/tunnet-dyzlmzgosoepsvdcaiadkduqluia/Build/Intermediates.noindex/tunnet.build/debug-iphoneos/tunnet-extension.build/Objects-normal/arm64/tunnet_extension.swiftmodule -validate-clang-modules-once -clang-build-session-file /Users/shafreeck/Library/Developer/Xcode/DerivedData/ModuleCache.noindex/Session.modulevalidation -Xcc -I/Users/shafreeck/Library/Developer/Xcode/DerivedData/tunnet-dyzlmzgosoepsvdcaiadkduqluia/Build/Intermediates.noindex/tunnet.build/debug-iphoneos/tunnet-extension.build/swift-overrides.hmap -emit-const-values -Xfrontend -const-gather-protocols-file -Xfrontend /Users/shafreeck/Library/Developer/Xcode/DerivedData/tunnet-dyzlmzgosoepsvdcaiadkduqluia/Build/Intermediates.noindex/tunnet.build/debug-iphoneos/tunnet-extension.build/Objects-normal/arm64/tunnet-extension_const_extract_protocols.json -Xcc -iquote -Xcc /Users/shafreeck/Library/Developer/Xcode/DerivedData/tunnet-dyzlmzgosoepsvdcaiadkduqluia/Build/Intermediates.noindex/tunnet.build/debug-iphoneos/tunnet-extension.build/tunnet-extension-generated-files.hmap -Xcc -I/Users/shafreeck/Library/Developer/Xcode/DerivedData/tunnet-dyzlmzgosoepsvdcaiadkduqluia/Build/Intermediates.noindex/tunnet.build/debug-iphoneos/tunnet-extension.build/tunnet-extension-own-target-headers.hmap -Xcc -I/Users/shafreeck/Library/Developer/Xcode/DerivedData/tunnet-dyzlmzgosoepsvdcaiadkduqluia/Build/Intermediates.noindex/tunnet.build/debug-iphoneos/tunnet-extension.build/tunnet-extension-all-target-headers.hmap -Xcc -iquote -Xcc /Users/shafreeck/Library/Developer/Xcode/DerivedData/tunnet-dyzlmzgosoepsvdcaiadkduqluia/Build/Intermediates.noindex/tunnet.build/debug-iphoneos/tunnet-extension.build/tunnet-extension-project-headers.hmap -Xcc -I/Users/shafreeck/Library/Developer/Xcode/DerivedData/tunnet-dyzlmzgosoepsvdcaiadkduqluia/Build/Products/debug-iphoneos/include -Xcc -I../../../core_library/libbox-c-shared -Xcc -I/Users/shafreeck/Library/Developer/Xcode/DerivedData/tunnet-dyzlmzgosoepsvdcaiadkduqluia/Build/Intermediates.noindex/tunnet.build/debug-iphoneos/tunnet-extension.build/DerivedSources-normal/arm64 -Xcc -I/Users/shafreeck/Library/Developer/Xcode/DerivedData/tunnet-dyzlmzgosoepsvdcaiadkduqluia/Build/Intermediates.noindex/tunnet.build/debug-iphoneos/tunnet-extension.build/DerivedSources/arm64 -Xcc -I/Users/shafreeck/Library/Developer/Xcode/DerivedData/tunnet-dyzlmzgosoepsvdcaiadkduqluia/Build/Intermediates.noindex/tunnet.build/debug-iphoneos/tunnet-extension.build/DerivedSources -Xcc -DDEBUG\=1 -emit-objc-header -emit-objc-header-path /Users/shafreeck/Library/Developer/Xcode/DerivedData/tunnet-dyzlmzgosoepsvdcaiadkduqluia/Build/Intermediates.noindex/tunnet.build/debug-iphoneos/tunnet-extension.build/Objects-normal/arm64/tunnet_extension-Swift.h -working-directory /Users/shafreeck/Codes/Tunnet/src-tauri/gen/apple -experimental-emit-module-separately -disable-cmo

ProcessInfoPlistFile /Users/shafreeck/Library/Developer/Xcode/DerivedData/tunnet-dyzlmzgosoepsvdcaiadkduqluia/Build/Products/debug-iphoneos/tunnet-extension.appex/Info.plist /Users/shafreeck/Codes/Tunnet/src-tauri/gen/apple/Sources/tunnet-extension/Info.plist (in target 'tunnet-extension' from project 'tunnet')
    cd /Users/shafreeck/Codes/Tunnet/src-tauri/gen/apple
    builtin-infoPlistUtility /Users/shafreeck/Codes/Tunnet/src-tauri/gen/apple/Sources/tunnet-extension/Info.plist -producttype com.apple.product-type.app-extension -expandbuildsettings -format binary -platform iphoneos -requiredArchitecture arm64 -o /Users/shafreeck/Library/Developer/Xcode/DerivedData/tunnet-dyzlmzgosoepsvdcaiadkduqluia/Build/Products/debug-iphoneos/tunnet-extension.appex/Info.plist

SwiftCompile normal arm64 Compiling\ PacketTunnelProvider.swift /Users/shafreeck/Codes/Tunnet/src-tauri/gen/apple/Sources/tunnet-extension/PacketTunnelProvider.swift (in target 'tunnet-extension' from project 'tunnet')

SwiftCompile normal arm64 /Users/shafreeck/Codes/Tunnet/src-tauri/gen/apple/Sources/tunnet-extension/PacketTunnelProvider.swift (in target 'tunnet-extension' from project 'tunnet')
    cd /Users/shafreeck/Codes/Tunnet/src-tauri/gen/apple
    

SwiftEmitModule normal arm64 Emitting\ module\ for\ tunnet_extension (in target 'tunnet-extension' from project 'tunnet')
Failed frontend command:
/Applications/Xcode.app/Contents/Developer/Toolchains/XcodeDefault.xctoolchain/usr/bin/swift-frontend -frontend -emit-module -experimental-skip-non-inlinable-function-bodies-without-types /Users/shafreeck/Codes/Tunnet/src-tauri/gen/apple/Sources/tunnet-extension/PacketTunnelProvider.swift -target arm64-apple-ios14.0 -load-resolved-plugin /Applications/Xcode.app/Contents/Developer/Platforms/iPhoneOS.platform/Developer/usr/lib/swift/host/plugins/libFoundationMacros.dylib\#/Applications/Xcode.app/Contents/Developer/Platforms/iPhoneOS.platform/Developer/usr/bin/swift-plugin-server\#FoundationMacros -load-resolved-plugin /Applications/Xcode.app/Contents/Developer/Platforms/iPhoneOS.platform/Developer/usr/lib/swift/host/plugins/libObservationMacros.dylib\#/Applications/Xcode.app/Contents/Developer/Platforms/iPhoneOS.platform/Developer/usr/bin/swift-plugin-server\#ObservationMacros -load-resolved-plugin /Applications/Xcode.app/Contents/Developer/Platforms/iPhoneOS.platform/Developer/usr/lib/swift/host/plugins/libSwiftMacros.dylib\#/Applications/Xcode.app/Contents/Developer/Platforms/iPhoneOS.platform/Developer/usr/bin/swift-plugin-server\#SwiftMacros -disable-implicit-swift-modules -Xcc -fno-implicit-modules -Xcc -fno-implicit-module-maps -explicit-swift-module-map-file /Users/shafreeck/Library/Developer/Xcode/DerivedData/tunnet-dyzlmzgosoepsvdcaiadkduqluia/Build/Intermediates.noindex/tunnet.build/debug-iphoneos/tunnet-extension.build/Objects-normal/arm64/tunnet_extension-dependencies-1.json -Xllvm -aarch64-use-tbi -enable-objc-interop -stack-check -sdk /Applications/Xcode.app/Contents/Developer/Platforms/iPhoneOS.platform/Developer/SDKs/iPhoneOS26.2.sdk -I /Users/shafreeck/Library/Developer/Xcode/DerivedData/tunnet-dyzlmzgosoepsvdcaiadkduqluia/Build/Products/debug-iphoneos -I /Users/shafreeck/Codes/Tunnet/core_library/libbox-c-shared -F /Users/shafreeck/Library/Developer/Xcode/DerivedData/tunnet-dyzlmzgosoepsvdcaiadkduqluia/Build/Products/debug-iphoneos -no-color-diagnostics -Xcc -fno-color-diagnostics -application-extension -enable-testing -g -debug-info-format\=dwarf -dwarf-version\=4 -module-cache-path /Users/shafreeck/Library/Developer/Xcode/DerivedData/tunnet-dyzlmzgosoepsvdcaiadkduqluia/Build/Intermediates.noindex/SwiftExplicitPrecompiledModules -swift-version 5 -enforce-exclusivity\=checked -Onone -D DEBUG -serialize-debugging-options -const-gather-protocols-file /Users/shafreeck/Library/Developer/Xcode/DerivedData/tunnet-dyzlmzgosoepsvdcaiadkduqluia/Build/Intermediates.noindex/tunnet.build/debug-iphoneos/tunnet-extension.build/Objects-normal/arm64/tunnet-extension_const_extract_protocols.json -enable-experimental-feature DebugDescriptionMacro -enable-bare-slash-regex -empty-abi-descriptor -validate-clang-modules-once -clang-build-session-file /Users/shafreeck/Library/Developer/Xcode/DerivedData/ModuleCache.noindex/Session.modulevalidation -Xcc -working-directory -Xcc /Users/shafreeck/Codes/Tunnet/src-tauri/gen/apple -enable-anonymous-context-mangled-names -file-compilation-dir /Users/shafreeck/Codes/Tunnet/src-tauri/gen/apple -Xcc -D_LIBCPP_HARDENING_MODE\=_LIBCPP_HARDENING_MODE_DEBUG -Xcc -ivfsstatcache -Xcc /Users/shafreeck/Library/Developer/Xcode/DerivedData/SDKStatCaches.noindex/iphoneos26.2-23C53-3794476bd08197c3e2abd9bb477ef7f7.sdkstatcache -Xcc -I/Users/shafreeck/Library/Developer/Xcode/DerivedData/tunnet-dyzlmzgosoepsvdcaiadkduqluia/Build/Intermediates.noindex/tunnet.build/debug-iphoneos/tunnet-extension.build/swift-overrides.hmap -Xcc -iquote -Xcc /Users/shafreeck/Library/Developer/Xcode/DerivedData/tunnet-dyzlmzgosoepsvdcaiadkduqluia/Build/Intermediates.noindex/tunnet.build/debug-iphoneos/tunnet-extension.build/tunnet-extension-generated-files.hmap -Xcc -I/Users/shafreeck/Library/Developer/Xcode/DerivedData/tunnet-dyzlmzgosoepsvdcaiadkduqluia/Build/Intermediates.noindex/tunnet.build/debug-iphoneos/tunnet-extension.build/tunnet-extension-own-target-headers.hmap -Xcc -I/Users/shafreeck/Library/Developer/Xcode/DerivedData/tunnet-dyzlmzgosoepsvdcaiadkduqluia/Build/Intermediates.noindex/tunnet.build/debug-iphoneos/tunnet-extension.build/tunnet-extension-all-target-headers.hmap -Xcc -iquote -Xcc /Users/shafreeck/Library/Developer/Xcode/DerivedData/tunnet-dyzlmzgosoepsvdcaiadkduqluia/Build/Intermediates.noindex/tunnet.build/debug-iphoneos/tunnet-extension.build/tunnet-extension-project-headers.hmap -Xcc -I/Users/shafreeck/Library/Developer/Xcode/DerivedData/tunnet-dyzlmzgosoepsvdcaiadkduqluia/Build/Products/debug-iphoneos/include -Xcc -I../../../core_library/libbox-c-shared -Xcc -I/Users/shafreeck/Library/Developer/Xcode/DerivedData/tunnet-dyzlmzgosoepsvdcaiadkduqluia/Build/Intermediates.noindex/tunnet.build/debug-iphoneos/tunnet-extension.build/DerivedSources-normal/arm64 -Xcc -I/Users/shafreeck/Library/Developer/Xcode/DerivedData/tunnet-dyzlmzgosoepsvdcaiadkduqluia/Build/Intermediates.noindex/tunnet.build/debug-iphoneos/tunnet-extension.build/DerivedSources/arm64 -Xcc -I/Users/shafreeck/Library/Developer/Xcode/DerivedData/tunnet-dyzlmzgosoepsvdcaiadkduqluia/Build/Intermediates.noindex/tunnet.build/debug-iphoneos/tunnet-extension.build/DerivedSources -Xcc -DDEBUG\=1 -no-auto-bridging-header-chaining -module-name tunnet_extension -frontend-parseable-output -disable-clang-spi -target-sdk-version 26.2 -target-sdk-name iphoneos26.2 -clang-target arm64-apple-ios26.2 -in-process-plugin-server-path /Applications/Xcode.app/Contents/Developer/Toolchains/XcodeDefault.xctoolchain/usr/lib/swift/host/libSwiftInProcPluginServer.dylib -emit-module-doc-path /Users/shafreeck/Library/Developer/Xcode/DerivedData/tunnet-dyzlmzgosoepsvdcaiadkduqluia/Build/Intermediates.noindex/tunnet.build/debug-iphoneos/tunnet-extension.build/Objects-normal/arm64/tunnet_extension.swiftdoc -emit-module-source-info-path /Users/shafreeck/Library/Developer/Xcode/DerivedData/tunnet-dyzlmzgosoepsvdcaiadkduqluia/Build/Intermediates.noindex/tunnet.build/debug-iphoneos/tunnet-extension.build/Objects-normal/arm64/tunnet_extension.swiftsourceinfo -emit-objc-header-path /Users/shafreeck/Library/Developer/Xcode/DerivedData/tunnet-dyzlmzgosoepsvdcaiadkduqluia/Build/Intermediates.noindex/tunnet.build/debug-iphoneos/tunnet-extension.build/Objects-normal/arm64/tunnet_extension-Swift.h -serialize-diagnostics-path /Users/shafreeck/Library/Developer/Xcode/DerivedData/tunnet-dyzlmzgosoepsvdcaiadkduqluia/Build/Intermediates.noindex/tunnet.build/debug-iphoneos/tunnet-extension.build/Objects-normal/arm64/tunnet-extension-primary-emit-module.dia -emit-dependencies-path /Users/shafreeck/Library/Developer/Xcode/DerivedData/tunnet-dyzlmzgosoepsvdcaiadkduqluia/Build/Intermediates.noindex/tunnet.build/debug-iphoneos/tunnet-extension.build/Objects-normal/arm64/tunnet-extension-primary-emit-module.d -parse-as-library -o /Users/shafreeck/Library/Developer/Xcode/DerivedData/tunnet-dyzlmzgosoepsvdcaiadkduqluia/Build/Intermediates.noindex/tunnet.build/debug-iphoneos/tunnet-extension.build/Objects-normal/arm64/tunnet_extension.swiftmodule -emit-abi-descriptor-path /Users/shafreeck/Library/Developer/Xcode/DerivedData/tunnet-dyzlmzgosoepsvdcaiadkduqluia/Build/Intermediates.noindex/tunnet.build/debug-iphoneos/tunnet-extension.build/Objects-normal/arm64/tunnet_extension.abi.json

SwiftCompile normal arm64 /Users/shafreeck/Codes/Tunnet/src-tauri/gen/apple/Sources/tunnet-extension/PacketTunnelProvider.swift (in target 'tunnet-extension' from project 'tunnet')
    cd /Users/shafreeck/Codes/Tunnet/src-tauri/gen/apple
    
/Users/shafreeck/Codes/Tunnet/src-tauri/gen/apple/Sources/tunnet-extension/PacketTunnelProvider.swift:6:19: error: overriding instance method must be as accessible as its enclosing type
    override func startTunnel(options: [String : NSObject]?, completionHandler: @escaping @Sendable (Error?) -> Void) {
                  ^
    public 
NetworkExtension.NEPacketTunnelProvider.startTunnel:3:13: note: overridden declaration is here
  open func startTunnel(options: [String : NSObject]? = nil, completionHandler: @escaping @Sendable ((any Error)?) -> Void)}
            ^
/Users/shafreeck/Codes/Tunnet/src-tauri/gen/apple/Sources/tunnet-extension/PacketTunnelProvider.swift:31:19: error: overriding instance method must be as accessible as its enclosing type
    override func stopTunnel(with reason: NEProviderStopReason, completionHandler: @escaping @Sendable () -> Void) {
                  ^
    public 
NetworkExtension.NEPacketTunnelProvider.stopTunnel:3:13: note: overridden declaration is here
  open func stopTunnel(with reason: NEProviderStopReason, completionHandler: @escaping @Sendable () -> Void)}
            ^

note: Run script build phase 'Build Rust Code' will be run during every build because the option to run the script phase "Based on dependency analysis" is unchecked. (in target 'tunnet_iOS' from project 'tunnet')
** BUILD FAILED **


The following build commands failed:
	SwiftEmitModule normal arm64 Emitting\ module\ for\ tunnet_extension (in target 'tunnet-extension' from project 'tunnet')
	SwiftCompile normal arm64 /Users/shafreeck/Codes/Tunnet/src-tauri/gen/apple/Sources/tunnet-extension/PacketTunnelProvider.swift (in target 'tunnet-extension' from project 'tunnet')
	Building workspace tunnet with scheme tunnet-extension and configuration debug
(3 failures)
